{"C:\\Users\\shasa\\Projects\\ContextLens\\src\\prompts.js": {"path":"C:\\Users\\shasa\\Projects\\ContextLens\\src\\prompts.js","statementMap":{"0":{"start":{"line":1,"column":28},"end":{"line":8,"column":1}},"1":{"start":{"line":1,"column":54},"end":{"line":8,"column":1}},"2":{"start":{"line":10,"column":30},"end":{"line":16,"column":1}},"3":{"start":{"line":10,"column":59},"end":{"line":16,"column":1}},"4":{"start":{"line":18,"column":0},"end":{"line":18,"column":64}}},"fnMap":{"0":{"name":"(anonymous_0)","decl":{"start":{"line":1,"column":28},"end":{"line":1,"column":29}},"loc":{"start":{"line":1,"column":54},"end":{"line":8,"column":1}},"line":1},"1":{"name":"(anonymous_1)","decl":{"start":{"line":10,"column":30},"end":{"line":10,"column":31}},"loc":{"start":{"line":10,"column":59},"end":{"line":16,"column":1}},"line":10}},"branchMap":{},"s":{"0":0,"1":0,"2":0,"3":0,"4":0},"f":{"0":0,"1":0},"b":{}}
,"C:\\Users\\shasa\\Projects\\ContextLens\\src\\lib\\errors.js": {"path":"C:\\Users\\shasa\\Projects\\ContextLens\\src\\lib\\errors.js","statementMap":{"0":{"start":{"line":2,"column":2},"end":{"line":8,"column":4}},"1":{"start":{"line":12,"column":18},"end":{"line":12,"column":68}},"2":{"start":{"line":13,"column":2},"end":{"line":13,"column":97}},"3":{"start":{"line":13,"column":40},"end":{"line":13,"column":97}},"4":{"start":{"line":14,"column":2},"end":{"line":14,"column":86}},"5":{"start":{"line":14,"column":35},"end":{"line":14,"column":86}},"6":{"start":{"line":15,"column":2},"end":{"line":15,"column":98}},"7":{"start":{"line":15,"column":47},"end":{"line":15,"column":98}},"8":{"start":{"line":16,"column":2},"end":{"line":16,"column":87}},"9":{"start":{"line":16,"column":32},"end":{"line":16,"column":87}},"10":{"start":{"line":17,"column":2},"end":{"line":17,"column":86}},"11":{"start":{"line":17,"column":30},"end":{"line":17,"column":86}},"12":{"start":{"line":18,"column":2},"end":{"line":18,"column":58}},"13":{"start":{"line":21,"column":0},"end":{"line":21,"column":42}}},"fnMap":{"0":{"name":"typedError","decl":{"start":{"line":1,"column":9},"end":{"line":1,"column":19}},"loc":{"start":{"line":1,"column":44},"end":{"line":9,"column":1}},"line":1},"1":{"name":"mapError","decl":{"start":{"line":11,"column":9},"end":{"line":11,"column":17}},"loc":{"start":{"line":11,"column":23},"end":{"line":19,"column":1}},"line":11}},"branchMap":{"0":{"loc":{"start":{"line":6,"column":15},"end":{"line":6,"column":30}},"type":"binary-expr","locations":[{"start":{"line":6,"column":15},"end":{"line":6,"column":22}},{"start":{"line":6,"column":26},"end":{"line":6,"column":30}}],"line":6},"1":{"loc":{"start":{"line":12,"column":18},"end":{"line":12,"column":68}},"type":"cond-expr","locations":[{"start":{"line":12,"column":39},"end":{"line":12,"column":50}},{"start":{"line":12,"column":53},"end":{"line":12,"column":68}}],"line":12},"2":{"loc":{"start":{"line":12,"column":18},"end":{"line":12,"column":36}},"type":"binary-expr","locations":[{"start":{"line":12,"column":18},"end":{"line":12,"column":21}},{"start":{"line":12,"column":25},"end":{"line":12,"column":36}}],"line":12},"3":{"loc":{"start":{"line":13,"column":2},"end":{"line":13,"column":97}},"type":"if","locations":[{"start":{"line":13,"column":2},"end":{"line":13,"column":97}},{"start":{},"end":{}}],"line":13},"4":{"loc":{"start":{"line":14,"column":2},"end":{"line":14,"column":86}},"type":"if","locations":[{"start":{"line":14,"column":2},"end":{"line":14,"column":86}},{"start":{},"end":{}}],"line":14},"5":{"loc":{"start":{"line":15,"column":2},"end":{"line":15,"column":98}},"type":"if","locations":[{"start":{"line":15,"column":2},"end":{"line":15,"column":98}},{"start":{},"end":{}}],"line":15},"6":{"loc":{"start":{"line":16,"column":2},"end":{"line":16,"column":87}},"type":"if","locations":[{"start":{"line":16,"column":2},"end":{"line":16,"column":87}},{"start":{},"end":{}}],"line":16},"7":{"loc":{"start":{"line":17,"column":2},"end":{"line":17,"column":86}},"type":"if","locations":[{"start":{"line":17,"column":2},"end":{"line":17,"column":86}},{"start":{},"end":{}}],"line":17}},"s":{"0":3,"1":16,"2":16,"3":2,"4":14,"5":3,"6":11,"7":4,"8":7,"9":2,"10":5,"11":1,"12":4,"13":1},"f":{"0":3,"1":16},"b":{"0":[3,2],"1":[13,3],"2":[16,14],"3":[2,14],"4":[3,11],"5":[4,7],"6":[2,5],"7":[1,4]},"_coverageSchema":"1a1c01bbd47fc00a2c39e90264f33305004495a9","hash":"6a2e8672677ae8f9dac9270330c8ce1000c3370c"}
,"C:\\Users\\shasa\\Projects\\ContextLens\\src\\lib\\redaction.js": {"path":"C:\\Users\\shasa\\Projects\\ContextLens\\src\\lib\\redaction.js","statementMap":{"0":{"start":{"line":1,"column":27},"end":{"line":7,"column":1}},"1":{"start":{"line":10,"column":2},"end":{"line":10,"column":68}},"2":{"start":{"line":10,"column":55},"end":{"line":10,"column":68}},"3":{"start":{"line":11,"column":2},"end":{"line":11,"column":98}},"4":{"start":{"line":11,"column":54},"end":{"line":11,"column":89}},"5":{"start":{"line":15,"column":2},"end":{"line":15,"column":58}},"6":{"start":{"line":15,"column":33},"end":{"line":15,"column":58}},"7":{"start":{"line":16,"column":2},"end":{"line":16,"column":57}},"8":{"start":{"line":16,"column":28},"end":{"line":16,"column":57}},"9":{"start":{"line":17,"column":2},"end":{"line":23,"column":3}},"10":{"start":{"line":18,"column":19},"end":{"line":18,"column":21}},"11":{"start":{"line":19,"column":4},"end":{"line":21,"column":5}},"12":{"start":{"line":20,"column":6},"end":{"line":20,"column":38}},"13":{"start":{"line":22,"column":4},"end":{"line":22,"column":18}},"14":{"start":{"line":24,"column":2},"end":{"line":24,"column":15}},"15":{"start":{"line":27,"column":0},"end":{"line":27,"column":44}}},"fnMap":{"0":{"name":"redactText","decl":{"start":{"line":9,"column":9},"end":{"line":9,"column":19}},"loc":{"start":{"line":9,"column":27},"end":{"line":12,"column":1}},"line":9},"1":{"name":"(anonymous_1)","decl":{"start":{"line":11,"column":35},"end":{"line":11,"column":36}},"loc":{"start":{"line":11,"column":54},"end":{"line":11,"column":89}},"line":11},"2":{"name":"redactDeep","decl":{"start":{"line":14,"column":9},"end":{"line":14,"column":19}},"loc":{"start":{"line":14,"column":27},"end":{"line":25,"column":1}},"line":14}},"branchMap":{"0":{"loc":{"start":{"line":10,"column":2},"end":{"line":10,"column":68}},"type":"if","locations":[{"start":{"line":10,"column":2},"end":{"line":10,"column":68}},{"start":{},"end":{}}],"line":10},"1":{"loc":{"start":{"line":10,"column":6},"end":{"line":10,"column":53}},"type":"binary-expr","locations":[{"start":{"line":10,"column":6},"end":{"line":10,"column":31}},{"start":{"line":10,"column":35},"end":{"line":10,"column":53}}],"line":10},"2":{"loc":{"start":{"line":15,"column":2},"end":{"line":15,"column":58}},"type":"if","locations":[{"start":{"line":15,"column":2},"end":{"line":15,"column":58}},{"start":{},"end":{}}],"line":15},"3":{"loc":{"start":{"line":16,"column":2},"end":{"line":16,"column":57}},"type":"if","locations":[{"start":{"line":16,"column":2},"end":{"line":16,"column":57}},{"start":{},"end":{}}],"line":16},"4":{"loc":{"start":{"line":17,"column":2},"end":{"line":23,"column":3}},"type":"if","locations":[{"start":{"line":17,"column":2},"end":{"line":23,"column":3}},{"start":{},"end":{}}],"line":17},"5":{"loc":{"start":{"line":17,"column":6},"end":{"line":17,"column":40}},"type":"binary-expr","locations":[{"start":{"line":17,"column":6},"end":{"line":17,"column":11}},{"start":{"line":17,"column":15},"end":{"line":17,"column":40}}],"line":17}},"s":{"0":1,"1":32,"2":4,"3":28,"4":140,"5":33,"6":13,"7":20,"8":4,"9":16,"10":13,"11":13,"12":18,"13":13,"14":3,"15":1},"f":{"0":32,"1":140,"2":33},"b":{"0":[4,28],"1":[32,29],"2":[13,20],"3":[4,16],"4":[13,3],"5":[16,15]},"_coverageSchema":"1a1c01bbd47fc00a2c39e90264f33305004495a9","hash":"b18f1deef757c83535c5214010712d65faac9433"}
,"C:\\Users\\shasa\\Projects\\ContextLens\\src\\middleware\\auth.js": {"path":"C:\\Users\\shasa\\Projects\\ContextLens\\src\\middleware\\auth.js","statementMap":{"0":{"start":{"line":1,"column":17},"end":{"line":1,"column":39}},"1":{"start":{"line":15,"column":2},"end":{"line":69,"column":3}},"2":{"start":{"line":16,"column":23},"end":{"line":16,"column":54}},"3":{"start":{"line":18,"column":4},"end":{"line":25,"column":5}},"4":{"start":{"line":19,"column":6},"end":{"line":24,"column":9}},"5":{"start":{"line":27,"column":18},"end":{"line":27,"column":42}},"6":{"start":{"line":29,"column":4},"end":{"line":37,"column":5}},"7":{"start":{"line":30,"column":6},"end":{"line":30,"column":64}},"8":{"start":{"line":31,"column":6},"end":{"line":36,"column":9}},"9":{"start":{"line":39,"column":4},"end":{"line":58,"column":5}},"10":{"start":{"line":40,"column":22},"end":{"line":40,"column":53}},"11":{"start":{"line":41,"column":6},"end":{"line":45,"column":8}},"12":{"start":{"line":47,"column":6},"end":{"line":51,"column":9}},"13":{"start":{"line":52,"column":6},"end":{"line":57,"column":9}},"14":{"start":{"line":60,"column":4},"end":{"line":60,"column":18}},"15":{"start":{"line":62,"column":4},"end":{"line":62,"column":49}},"16":{"start":{"line":63,"column":4},"end":{"line":68,"column":7}},"17":{"start":{"line":72,"column":0},"end":{"line":72,"column":33}}},"fnMap":{"0":{"name":"requireAuth","decl":{"start":{"line":14,"column":15},"end":{"line":14,"column":26}},"loc":{"start":{"line":14,"column":43},"end":{"line":70,"column":1}},"line":14}},"branchMap":{"0":{"loc":{"start":{"line":16,"column":23},"end":{"line":16,"column":54}},"type":"binary-expr","locations":[{"start":{"line":16,"column":23},"end":{"line":16,"column":48}},{"start":{"line":16,"column":52},"end":{"line":16,"column":54}}],"line":16},"1":{"loc":{"start":{"line":18,"column":4},"end":{"line":25,"column":5}},"type":"if","locations":[{"start":{"line":18,"column":4},"end":{"line":25,"column":5}},{"start":{},"end":{}}],"line":18},"2":{"loc":{"start":{"line":29,"column":4},"end":{"line":37,"column":5}},"type":"if","locations":[{"start":{"line":29,"column":4},"end":{"line":37,"column":5}},{"start":{},"end":{}}],"line":29},"3":{"loc":{"start":{"line":43,"column":15},"end":{"line":43,"column":36}},"type":"binary-expr","locations":[{"start":{"line":43,"column":15},"end":{"line":43,"column":28}},{"start":{"line":43,"column":32},"end":{"line":43,"column":36}}],"line":43},"4":{"loc":{"start":{"line":44,"column":14},"end":{"line":44,"column":34}},"type":"binary-expr","locations":[{"start":{"line":44,"column":14},"end":{"line":44,"column":26}},{"start":{"line":44,"column":30},"end":{"line":44,"column":34}}],"line":44},"5":{"loc":{"start":{"line":50,"column":21},"end":{"line":50,"column":68}},"type":"cond-expr","locations":[{"start":{"line":50,"column":29},"end":{"line":50,"column":59}},{"start":{"line":50,"column":62},"end":{"line":50,"column":68}}],"line":50},"6":{"loc":{"start":{"line":55,"column":19},"end":{"line":55,"column":67}},"type":"binary-expr","locations":[{"start":{"line":55,"column":19},"end":{"line":55,"column":36}},{"start":{"line":55,"column":40},"end":{"line":55,"column":67}}],"line":55}},"s":{"0":1,"1":11,"2":11,"3":11,"4":3,"5":8,"6":8,"7":1,"8":1,"9":7,"10":7,"11":3,"12":4,"13":4,"14":3,"15":0,"16":0,"17":1},"f":{"0":11},"b":{"0":[11,2],"1":[3,8],"2":[1,7],"3":[3,1],"4":[3,1],"5":[4,0],"6":[4,0]},"_coverageSchema":"1a1c01bbd47fc00a2c39e90264f33305004495a9","hash":"84887e32310d0b8d237a3b251e42d93eb1a39563"}
,"C:\\Users\\shasa\\Projects\\ContextLens\\src\\routes\\api.js": {"path":"C:\\Users\\shasa\\Projects\\ContextLens\\src\\routes\\api.js","statementMap":{"0":{"start":{"line":1,"column":16},"end":{"line":1,"column":34}},"1":{"start":{"line":2,"column":15},"end":{"line":2,"column":31}},"2":{"start":{"line":3,"column":15},"end":{"line":3,"column":37}},"3":{"start":{"line":4,"column":23},"end":{"line":4,"column":40}},"4":{"start":{"line":5,"column":23},"end":{"line":5,"column":48}},"5":{"start":{"line":6,"column":55},"end":{"line":6,"column":76}},"6":{"start":{"line":7,"column":33},"end":{"line":7,"column":57}},"7":{"start":{"line":8,"column":35},"end":{"line":8,"column":62}},"8":{"start":{"line":11,"column":2},"end":{"line":11,"column":97}},"9":{"start":{"line":11,"column":70},"end":{"line":11,"column":97}},"10":{"start":{"line":12,"column":2},"end":{"line":16,"column":3}},"11":{"start":{"line":13,"column":4},"end":{"line":13,"column":37}},"12":{"start":{"line":15,"column":4},"end":{"line":15,"column":35}},"13":{"start":{"line":19,"column":0},"end":{"line":33,"column":3}},"14":{"start":{"line":20,"column":18},"end":{"line":20,"column":26}},"15":{"start":{"line":21,"column":73},"end":{"line":21,"column":81}},"16":{"start":{"line":22,"column":2},"end":{"line":22,"column":88}},"17":{"start":{"line":22,"column":13},"end":{"line":22,"column":88}},"18":{"start":{"line":23,"column":2},"end":{"line":32,"column":3}},"19":{"start":{"line":24,"column":15},"end":{"line":24,"column":27}},"20":{"start":{"line":25,"column":16},"end":{"line":25,"column":78}},"21":{"start":{"line":26,"column":16},"end":{"line":26,"column":26}},"22":{"start":{"line":27,"column":4},"end":{"line":27,"column":200}},"23":{"start":{"line":28,"column":4},"end":{"line":28,"column":39}},"24":{"start":{"line":30,"column":4},"end":{"line":30,"column":38}},"25":{"start":{"line":31,"column":4},"end":{"line":31,"column":87}},"26":{"start":{"line":35,"column":0},"end":{"line":48,"column":3}},"27":{"start":{"line":36,"column":18},"end":{"line":36,"column":26}},"28":{"start":{"line":37,"column":43},"end":{"line":37,"column":51}},"29":{"start":{"line":38,"column":2},"end":{"line":38,"column":119}},"30":{"start":{"line":38,"column":33},"end":{"line":38,"column":119}},"31":{"start":{"line":39,"column":2},"end":{"line":47,"column":3}},"32":{"start":{"line":40,"column":22},"end":{"line":40,"column":34}},"33":{"start":{"line":41,"column":16},"end":{"line":41,"column":26}},"34":{"start":{"line":42,"column":18},"end":{"line":42,"column":125}},"35":{"start":{"line":43,"column":4},"end":{"line":43,"column":178}},"36":{"start":{"line":44,"column":4},"end":{"line":44,"column":35}},"37":{"start":{"line":46,"column":4},"end":{"line":46,"column":74}},"38":{"start":{"line":50,"column":0},"end":{"line":95,"column":3}},"39":{"start":{"line":51,"column":18},"end":{"line":51,"column":26}},"40":{"start":{"line":52,"column":18},"end":{"line":52,"column":26}},"41":{"start":{"line":53,"column":58},"end":{"line":53,"column":65}},"42":{"start":{"line":54,"column":2},"end":{"line":54,"column":125}},"43":{"start":{"line":54,"column":47},"end":{"line":54,"column":125}},"44":{"start":{"line":55,"column":18},"end":{"line":55,"column":28}},"45":{"start":{"line":56,"column":2},"end":{"line":94,"column":3}},"46":{"start":{"line":57,"column":19},"end":{"line":57,"column":70}},"47":{"start":{"line":58,"column":22},"end":{"line":58,"column":42}},"48":{"start":{"line":59,"column":19},"end":{"line":59,"column":31}},"49":{"start":{"line":60,"column":20},"end":{"line":60,"column":159}},"50":{"start":{"line":61,"column":20},"end":{"line":77,"column":5}},"51":{"start":{"line":78,"column":4},"end":{"line":78,"column":31}},"52":{"start":{"line":81,"column":18},"end":{"line":81,"column":125}},"53":{"start":{"line":82,"column":4},"end":{"line":87,"column":7}},"54":{"start":{"line":83,"column":19},"end":{"line":83,"column":37}},"55":{"start":{"line":84,"column":6},"end":{"line":84,"column":61}},"56":{"start":{"line":84,"column":24},"end":{"line":84,"column":61}},"57":{"start":{"line":85,"column":19},"end":{"line":85,"column":45}},"58":{"start":{"line":86,"column":6},"end":{"line":86,"column":47}},"59":{"start":{"line":89,"column":4},"end":{"line":89,"column":109}},"60":{"start":{"line":91,"column":19},"end":{"line":91,"column":32}},"61":{"start":{"line":92,"column":17},"end":{"line":92,"column":86}},"62":{"start":{"line":93,"column":4},"end":{"line":93,"column":76}},"63":{"start":{"line":98,"column":0},"end":{"line":123,"column":3}},"64":{"start":{"line":99,"column":18},"end":{"line":99,"column":26}},"65":{"start":{"line":100,"column":59},"end":{"line":100,"column":67}},"66":{"start":{"line":101,"column":2},"end":{"line":101,"column":117}},"67":{"start":{"line":101,"column":32},"end":{"line":101,"column":117}},"68":{"start":{"line":102,"column":2},"end":{"line":102,"column":88}},"69":{"start":{"line":102,"column":17},"end":{"line":102,"column":88}},"70":{"start":{"line":103,"column":2},"end":{"line":122,"column":3}},"71":{"start":{"line":104,"column":21},"end":{"line":104,"column":162}},"72":{"start":{"line":105,"column":19},"end":{"line":105,"column":39}},"73":{"start":{"line":106,"column":4},"end":{"line":106,"column":85}},"74":{"start":{"line":106,"column":23},"end":{"line":106,"column":85}},"75":{"start":{"line":108,"column":29},"end":{"line":108,"column":60}},"76":{"start":{"line":109,"column":19},"end":{"line":109,"column":60}},"77":{"start":{"line":110,"column":19},"end":{"line":110,"column":125}},"78":{"start":{"line":111,"column":19},"end":{"line":111,"column":101}},"79":{"start":{"line":111,"column":59},"end":{"line":111,"column":99}},"80":{"start":{"line":112,"column":23},"end":{"line":116,"column":5}},"81":{"start":{"line":117,"column":4},"end":{"line":117,"column":70}},"82":{"start":{"line":118,"column":4},"end":{"line":118,"column":32}},"83":{"start":{"line":120,"column":19},"end":{"line":120,"column":32}},"84":{"start":{"line":121,"column":4},"end":{"line":121,"column":88}},"85":{"start":{"line":125,"column":0},"end":{"line":143,"column":3}},"86":{"start":{"line":126,"column":18},"end":{"line":126,"column":26}},"87":{"start":{"line":127,"column":46},"end":{"line":127,"column":54}},"88":{"start":{"line":128,"column":2},"end":{"line":128,"column":119}},"89":{"start":{"line":128,"column":33},"end":{"line":128,"column":119}},"90":{"start":{"line":129,"column":2},"end":{"line":142,"column":3}},"91":{"start":{"line":130,"column":32},"end":{"line":130,"column":105}},"92":{"start":{"line":130,"column":60},"end":{"line":130,"column":93}},"93":{"start":{"line":131,"column":19},"end":{"line":131,"column":65}},"94":{"start":{"line":132,"column":19},"end":{"line":132,"column":126}},"95":{"start":{"line":133,"column":19},"end":{"line":133,"column":116}},"96":{"start":{"line":133,"column":59},"end":{"line":133,"column":114}},"97":{"start":{"line":134,"column":4},"end":{"line":138,"column":7}},"98":{"start":{"line":140,"column":19},"end":{"line":140,"column":32}},"99":{"start":{"line":141,"column":4},"end":{"line":141,"column":90}},"100":{"start":{"line":145,"column":0},"end":{"line":168,"column":3}},"101":{"start":{"line":146,"column":18},"end":{"line":146,"column":26}},"102":{"start":{"line":147,"column":36},"end":{"line":147,"column":44}},"103":{"start":{"line":148,"column":2},"end":{"line":148,"column":90}},"104":{"start":{"line":148,"column":18},"end":{"line":148,"column":90}},"105":{"start":{"line":149,"column":2},"end":{"line":167,"column":3}},"106":{"start":{"line":151,"column":24},"end":{"line":151,"column":116}},"107":{"start":{"line":152,"column":25},"end":{"line":152,"column":48}},"108":{"start":{"line":153,"column":20},"end":{"line":153,"column":47}},"109":{"start":{"line":154,"column":4},"end":{"line":162,"column":5}},"110":{"start":{"line":155,"column":19},"end":{"line":155,"column":28}},"111":{"start":{"line":156,"column":6},"end":{"line":156,"column":124}},"112":{"start":{"line":156,"column":78},"end":{"line":156,"column":124}},"113":{"start":{"line":157,"column":24},"end":{"line":157,"column":62}},"114":{"start":{"line":158,"column":6},"end":{"line":161,"column":7}},"115":{"start":{"line":159,"column":19},"end":{"line":159,"column":27}},"116":{"start":{"line":160,"column":8},"end":{"line":160,"column":136}},"117":{"start":{"line":160,"column":78},"end":{"line":160,"column":136}},"118":{"start":{"line":163,"column":4},"end":{"line":163,"column":29}},"119":{"start":{"line":165,"column":19},"end":{"line":165,"column":32}},"120":{"start":{"line":166,"column":4},"end":{"line":166,"column":87}},"121":{"start":{"line":170,"column":0},"end":{"line":182,"column":3}},"122":{"start":{"line":171,"column":18},"end":{"line":171,"column":26}},"123":{"start":{"line":172,"column":35},"end":{"line":172,"column":43}},"124":{"start":{"line":173,"column":2},"end":{"line":173,"column":117}},"125":{"start":{"line":173,"column":32},"end":{"line":173,"column":117}},"126":{"start":{"line":174,"column":2},"end":{"line":181,"column":3}},"127":{"start":{"line":175,"column":18},"end":{"line":175,"column":125}},"128":{"start":{"line":176,"column":4},"end":{"line":176,"column":66}},"129":{"start":{"line":177,"column":4},"end":{"line":177,"column":38}},"130":{"start":{"line":179,"column":19},"end":{"line":179,"column":32}},"131":{"start":{"line":180,"column":4},"end":{"line":180,"column":86}},"132":{"start":{"line":184,"column":0},"end":{"line":184,"column":24}}},"fnMap":{"0":{"name":"structuredOrFallback","decl":{"start":{"line":10,"column":9},"end":{"line":10,"column":29}},"loc":{"start":{"line":10,"column":50},"end":{"line":17,"column":1}},"line":10},"1":{"name":"(anonymous_1)","decl":{"start":{"line":19,"column":32},"end":{"line":19,"column":33}},"loc":{"start":{"line":19,"column":52},"end":{"line":33,"column":1}},"line":19},"2":{"name":"(anonymous_2)","decl":{"start":{"line":35,"column":32},"end":{"line":35,"column":33}},"loc":{"start":{"line":35,"column":52},"end":{"line":48,"column":1}},"line":35},"3":{"name":"(anonymous_3)","decl":{"start":{"line":50,"column":26},"end":{"line":50,"column":27}},"loc":{"start":{"line":50,"column":46},"end":{"line":95,"column":1}},"line":50},"4":{"name":"(anonymous_4)","decl":{"start":{"line":82,"column":28},"end":{"line":82,"column":29}},"loc":{"start":{"line":82,"column":41},"end":{"line":87,"column":5}},"line":82},"5":{"name":"(anonymous_5)","decl":{"start":{"line":98,"column":33},"end":{"line":98,"column":34}},"loc":{"start":{"line":98,"column":53},"end":{"line":123,"column":1}},"line":98},"6":{"name":"(anonymous_6)","decl":{"start":{"line":111,"column":48},"end":{"line":111,"column":49}},"loc":{"start":{"line":111,"column":59},"end":{"line":111,"column":99}},"line":111},"7":{"name":"(anonymous_7)","decl":{"start":{"line":125,"column":35},"end":{"line":125,"column":36}},"loc":{"start":{"line":125,"column":55},"end":{"line":143,"column":1}},"line":125},"8":{"name":"(anonymous_8)","decl":{"start":{"line":130,"column":53},"end":{"line":130,"column":54}},"loc":{"start":{"line":130,"column":60},"end":{"line":130,"column":93}},"line":130},"9":{"name":"(anonymous_9)","decl":{"start":{"line":133,"column":48},"end":{"line":133,"column":49}},"loc":{"start":{"line":133,"column":59},"end":{"line":133,"column":114}},"line":133},"10":{"name":"(anonymous_10)","decl":{"start":{"line":145,"column":23},"end":{"line":145,"column":24}},"loc":{"start":{"line":145,"column":43},"end":{"line":168,"column":1}},"line":145},"11":{"name":"(anonymous_11)","decl":{"start":{"line":170,"column":31},"end":{"line":170,"column":32}},"loc":{"start":{"line":170,"column":51},"end":{"line":182,"column":1}},"line":170}},"branchMap":{"0":{"loc":{"start":{"line":11,"column":2},"end":{"line":11,"column":97}},"type":"if","locations":[{"start":{"line":11,"column":2},"end":{"line":11,"column":97}},{"start":{},"end":{}}],"line":11},"1":{"loc":{"start":{"line":11,"column":6},"end":{"line":11,"column":68}},"type":"binary-expr","locations":[{"start":{"line":11,"column":6},"end":{"line":11,"column":25}},{"start":{"line":11,"column":29},"end":{"line":11,"column":68}}],"line":11},"2":{"loc":{"start":{"line":22,"column":2},"end":{"line":22,"column":88}},"type":"if","locations":[{"start":{"line":22,"column":2},"end":{"line":22,"column":88}},{"start":{},"end":{}}],"line":22},"3":{"loc":{"start":{"line":27,"column":35},"end":{"line":27,"column":50}},"type":"binary-expr","locations":[{"start":{"line":27,"column":35},"end":{"line":27,"column":42}},{"start":{"line":27,"column":46},"end":{"line":27,"column":50}}],"line":27},"4":{"loc":{"start":{"line":27,"column":72},"end":{"line":27,"column":98}},"type":"binary-expr","locations":[{"start":{"line":27,"column":72},"end":{"line":27,"column":90}},{"start":{"line":27,"column":94},"end":{"line":27,"column":98}}],"line":27},"5":{"loc":{"start":{"line":27,"column":115},"end":{"line":27,"column":138}},"type":"binary-expr","locations":[{"start":{"line":27,"column":115},"end":{"line":27,"column":128}},{"start":{"line":27,"column":132},"end":{"line":27,"column":138}}],"line":27},"6":{"loc":{"start":{"line":27,"column":182},"end":{"line":27,"column":196}},"type":"binary-expr","locations":[{"start":{"line":27,"column":182},"end":{"line":27,"column":190}},{"start":{"line":27,"column":194},"end":{"line":27,"column":196}}],"line":27},"7":{"loc":{"start":{"line":31,"column":60},"end":{"line":31,"column":84}},"type":"binary-expr","locations":[{"start":{"line":31,"column":60},"end":{"line":31,"column":69}},{"start":{"line":31,"column":73},"end":{"line":31,"column":84}}],"line":31},"8":{"loc":{"start":{"line":38,"column":2},"end":{"line":38,"column":119}},"type":"if","locations":[{"start":{"line":38,"column":2},"end":{"line":38,"column":119}},{"start":{},"end":{}}],"line":38},"9":{"loc":{"start":{"line":38,"column":6},"end":{"line":38,"column":31}},"type":"binary-expr","locations":[{"start":{"line":38,"column":6},"end":{"line":38,"column":16}},{"start":{"line":38,"column":20},"end":{"line":38,"column":31}}],"line":38},"10":{"loc":{"start":{"line":43,"column":29},"end":{"line":43,"column":42}},"type":"binary-expr","locations":[{"start":{"line":43,"column":29},"end":{"line":43,"column":34}},{"start":{"line":43,"column":38},"end":{"line":43,"column":42}}],"line":43},"11":{"loc":{"start":{"line":54,"column":2},"end":{"line":54,"column":125}},"type":"if","locations":[{"start":{"line":54,"column":2},"end":{"line":54,"column":125}},{"start":{},"end":{}}],"line":54},"12":{"loc":{"start":{"line":54,"column":6},"end":{"line":54,"column":45}},"type":"binary-expr","locations":[{"start":{"line":54,"column":6},"end":{"line":54,"column":16}},{"start":{"line":54,"column":20},"end":{"line":54,"column":30}},{"start":{"line":54,"column":34},"end":{"line":54,"column":45}}],"line":54},"13":{"loc":{"start":{"line":57,"column":48},"end":{"line":57,"column":69}},"type":"binary-expr","locations":[{"start":{"line":57,"column":48},"end":{"line":57,"column":57}},{"start":{"line":57,"column":61},"end":{"line":57,"column":69}}],"line":57},"14":{"loc":{"start":{"line":63,"column":14},"end":{"line":63,"column":43}},"type":"binary-expr","locations":[{"start":{"line":63,"column":14},"end":{"line":63,"column":28}},{"start":{"line":63,"column":32},"end":{"line":63,"column":43}}],"line":63},"15":{"loc":{"start":{"line":64,"column":17},"end":{"line":64,"column":42}},"type":"binary-expr","locations":[{"start":{"line":64,"column":17},"end":{"line":64,"column":34}},{"start":{"line":64,"column":38},"end":{"line":64,"column":42}}],"line":64},"16":{"loc":{"start":{"line":68,"column":18},"end":{"line":68,"column":44}},"type":"binary-expr","locations":[{"start":{"line":68,"column":18},"end":{"line":68,"column":36}},{"start":{"line":68,"column":40},"end":{"line":68,"column":44}}],"line":68},"17":{"loc":{"start":{"line":69,"column":22},"end":{"line":69,"column":52}},"type":"binary-expr","locations":[{"start":{"line":69,"column":22},"end":{"line":69,"column":44}},{"start":{"line":69,"column":48},"end":{"line":69,"column":52}}],"line":69},"18":{"loc":{"start":{"line":70,"column":31},"end":{"line":70,"column":57}},"type":"binary-expr","locations":[{"start":{"line":70,"column":31},"end":{"line":70,"column":51}},{"start":{"line":70,"column":55},"end":{"line":70,"column":57}}],"line":70},"19":{"loc":{"start":{"line":71,"column":31},"end":{"line":71,"column":59}},"type":"binary-expr","locations":[{"start":{"line":71,"column":31},"end":{"line":71,"column":51}},{"start":{"line":71,"column":55},"end":{"line":71,"column":59}}],"line":71},"20":{"loc":{"start":{"line":72,"column":16},"end":{"line":72,"column":40}},"type":"binary-expr","locations":[{"start":{"line":72,"column":16},"end":{"line":72,"column":32}},{"start":{"line":72,"column":36},"end":{"line":72,"column":40}}],"line":72},"21":{"loc":{"start":{"line":73,"column":30},"end":{"line":73,"column":55}},"type":"binary-expr","locations":[{"start":{"line":73,"column":30},"end":{"line":73,"column":49}},{"start":{"line":73,"column":53},"end":{"line":73,"column":55}}],"line":73},"22":{"loc":{"start":{"line":75,"column":18},"end":{"line":75,"column":39}},"type":"binary-expr","locations":[{"start":{"line":75,"column":18},"end":{"line":75,"column":31}},{"start":{"line":75,"column":35},"end":{"line":75,"column":39}}],"line":75},"23":{"loc":{"start":{"line":84,"column":6},"end":{"line":84,"column":61}},"type":"if","locations":[{"start":{"line":84,"column":6},"end":{"line":84,"column":61}},{"start":{},"end":{}}],"line":84},"24":{"loc":{"start":{"line":85,"column":19},"end":{"line":85,"column":45}},"type":"binary-expr","locations":[{"start":{"line":85,"column":19},"end":{"line":85,"column":40}},{"start":{"line":85,"column":44},"end":{"line":85,"column":45}}],"line":85},"25":{"loc":{"start":{"line":92,"column":17},"end":{"line":92,"column":86}},"type":"cond-expr","locations":[{"start":{"line":92,"column":55},"end":{"line":92,"column":72}},{"start":{"line":92,"column":75},"end":{"line":92,"column":86}}],"line":92},"26":{"loc":{"start":{"line":101,"column":2},"end":{"line":101,"column":117}},"type":"if","locations":[{"start":{"line":101,"column":2},"end":{"line":101,"column":117}},{"start":{},"end":{}}],"line":101},"27":{"loc":{"start":{"line":101,"column":6},"end":{"line":101,"column":30}},"type":"binary-expr","locations":[{"start":{"line":101,"column":6},"end":{"line":101,"column":16}},{"start":{"line":101,"column":20},"end":{"line":101,"column":30}}],"line":101},"28":{"loc":{"start":{"line":102,"column":2},"end":{"line":102,"column":88}},"type":"if","locations":[{"start":{"line":102,"column":2},"end":{"line":102,"column":88}},{"start":{},"end":{}}],"line":102},"29":{"loc":{"start":{"line":106,"column":4},"end":{"line":106,"column":85}},"type":"if","locations":[{"start":{"line":106,"column":4},"end":{"line":106,"column":85}},{"start":{},"end":{}}],"line":106},"30":{"loc":{"start":{"line":108,"column":30},"end":{"line":108,"column":48}},"type":"binary-expr","locations":[{"start":{"line":108,"column":30},"end":{"line":108,"column":42}},{"start":{"line":108,"column":46},"end":{"line":108,"column":48}}],"line":108},"31":{"loc":{"start":{"line":113,"column":15},"end":{"line":113,"column":44}},"type":"binary-expr","locations":[{"start":{"line":113,"column":15},"end":{"line":113,"column":29}},{"start":{"line":113,"column":33},"end":{"line":113,"column":44}}],"line":113},"32":{"loc":{"start":{"line":114,"column":13},"end":{"line":114,"column":60}},"type":"cond-expr","locations":[{"start":{"line":114,"column":43},"end":{"line":114,"column":55}},{"start":{"line":114,"column":58},"end":{"line":114,"column":60}}],"line":114},"33":{"loc":{"start":{"line":115,"column":14},"end":{"line":115,"column":63}},"type":"cond-expr","locations":[{"start":{"line":115,"column":45},"end":{"line":115,"column":58}},{"start":{"line":115,"column":61},"end":{"line":115,"column":63}}],"line":115},"34":{"loc":{"start":{"line":128,"column":2},"end":{"line":128,"column":119}},"type":"if","locations":[{"start":{"line":128,"column":2},"end":{"line":128,"column":119}},{"start":{},"end":{}}],"line":128},"35":{"loc":{"start":{"line":128,"column":6},"end":{"line":128,"column":31}},"type":"binary-expr","locations":[{"start":{"line":128,"column":6},"end":{"line":128,"column":16}},{"start":{"line":128,"column":20},"end":{"line":128,"column":31}}],"line":128},"36":{"loc":{"start":{"line":130,"column":33},"end":{"line":130,"column":47}},"type":"binary-expr","locations":[{"start":{"line":130,"column":33},"end":{"line":130,"column":41}},{"start":{"line":130,"column":45},"end":{"line":130,"column":47}}],"line":130},"37":{"loc":{"start":{"line":130,"column":60},"end":{"line":130,"column":93}},"type":"binary-expr","locations":[{"start":{"line":130,"column":60},"end":{"line":130,"column":76}},{"start":{"line":130,"column":80},"end":{"line":130,"column":87}},{"start":{"line":130,"column":91},"end":{"line":130,"column":93}}],"line":130},"38":{"loc":{"start":{"line":135,"column":18},"end":{"line":135,"column":50}},"type":"binary-expr","locations":[{"start":{"line":135,"column":18},"end":{"line":135,"column":35}},{"start":{"line":135,"column":39},"end":{"line":135,"column":50}}],"line":135},"39":{"loc":{"start":{"line":136,"column":19},"end":{"line":136,"column":78}},"type":"cond-expr","locations":[{"start":{"line":136,"column":55},"end":{"line":136,"column":73}},{"start":{"line":136,"column":76},"end":{"line":136,"column":78}}],"line":136},"40":{"loc":{"start":{"line":137,"column":20},"end":{"line":137,"column":81}},"type":"cond-expr","locations":[{"start":{"line":137,"column":57},"end":{"line":137,"column":76}},{"start":{"line":137,"column":79},"end":{"line":137,"column":81}}],"line":137},"41":{"loc":{"start":{"line":148,"column":2},"end":{"line":148,"column":90}},"type":"if","locations":[{"start":{"line":148,"column":2},"end":{"line":148,"column":90}},{"start":{},"end":{}}],"line":148},"42":{"loc":{"start":{"line":156,"column":6},"end":{"line":156,"column":124}},"type":"if","locations":[{"start":{"line":156,"column":6},"end":{"line":156,"column":124}},{"start":{},"end":{}}],"line":156},"43":{"loc":{"start":{"line":156,"column":10},"end":{"line":156,"column":76}},"type":"binary-expr","locations":[{"start":{"line":156,"column":10},"end":{"line":156,"column":12}},{"start":{"line":156,"column":16},"end":{"line":156,"column":76}}],"line":156},"44":{"loc":{"start":{"line":160,"column":8},"end":{"line":160,"column":136}},"type":"if","locations":[{"start":{"line":160,"column":8},"end":{"line":160,"column":136}},{"start":{},"end":{}}],"line":160},"45":{"loc":{"start":{"line":160,"column":12},"end":{"line":160,"column":76}},"type":"binary-expr","locations":[{"start":{"line":160,"column":12},"end":{"line":160,"column":14}},{"start":{"line":160,"column":18},"end":{"line":160,"column":76}}],"line":160},"46":{"loc":{"start":{"line":173,"column":2},"end":{"line":173,"column":117}},"type":"if","locations":[{"start":{"line":173,"column":2},"end":{"line":173,"column":117}},{"start":{},"end":{}}],"line":173},"47":{"loc":{"start":{"line":173,"column":6},"end":{"line":173,"column":30}},"type":"binary-expr","locations":[{"start":{"line":173,"column":6},"end":{"line":173,"column":16}},{"start":{"line":173,"column":20},"end":{"line":173,"column":30}}],"line":173}},"s":{"0":0,"1":0,"2":0,"3":0,"4":0,"5":0,"6":0,"7":0,"8":0,"9":0,"10":0,"11":0,"12":0,"13":0,"14":0,"15":0,"16":0,"17":0,"18":0,"19":0,"20":0,"21":0,"22":0,"23":0,"24":0,"25":0,"26":0,"27":0,"28":0,"29":0,"30":0,"31":0,"32":0,"33":0,"34":0,"35":0,"36":0,"37":0,"38":0,"39":0,"40":0,"41":0,"42":0,"43":0,"44":0,"45":0,"46":0,"47":0,"48":0,"49":0,"50":0,"51":0,"52":0,"53":0,"54":0,"55":0,"56":0,"57":0,"58":0,"59":0,"60":0,"61":0,"62":0,"63":0,"64":0,"65":0,"66":0,"67":0,"68":0,"69":0,"70":0,"71":0,"72":0,"73":0,"74":0,"75":0,"76":0,"77":0,"78":0,"79":0,"80":0,"81":0,"82":0,"83":0,"84":0,"85":0,"86":0,"87":0,"88":0,"89":0,"90":0,"91":0,"92":0,"93":0,"94":0,"95":0,"96":0,"97":0,"98":0,"99":0,"100":0,"101":0,"102":0,"103":0,"104":0,"105":0,"106":0,"107":0,"108":0,"109":0,"110":0,"111":0,"112":0,"113":0,"114":0,"115":0,"116":0,"117":0,"118":0,"119":0,"120":0,"121":0,"122":0,"123":0,"124":0,"125":0,"126":0,"127":0,"128":0,"129":0,"130":0,"131":0,"132":0},"f":{"0":0,"1":0,"2":0,"3":0,"4":0,"5":0,"6":0,"7":0,"8":0,"9":0,"10":0,"11":0},"b":{"0":[0,0],"1":[0,0],"2":[0,0],"3":[0,0],"4":[0,0],"5":[0,0],"6":[0,0],"7":[0,0],"8":[0,0],"9":[0,0],"10":[0,0],"11":[0,0],"12":[0,0,0],"13":[0,0],"14":[0,0],"15":[0,0],"16":[0,0],"17":[0,0],"18":[0,0],"19":[0,0],"20":[0,0],"21":[0,0],"22":[0,0],"23":[0,0],"24":[0,0],"25":[0,0],"26":[0,0],"27":[0,0],"28":[0,0],"29":[0,0],"30":[0,0],"31":[0,0],"32":[0,0],"33":[0,0],"34":[0,0],"35":[0,0],"36":[0,0],"37":[0,0,0],"38":[0,0],"39":[0,0],"40":[0,0],"41":[0,0],"42":[0,0],"43":[0,0],"44":[0,0],"45":[0,0],"46":[0,0],"47":[0,0]}}
,"C:\\Users\\shasa\\Projects\\ContextLens\\src\\services\\ai.js": {"path":"C:\\Users\\shasa\\Projects\\ContextLens\\src\\services\\ai.js","statementMap":{"0":{"start":{"line":1,"column":21},"end":{"line":1,"column":54}},"1":{"start":{"line":2,"column":23},"end":{"line":2,"column":40}},"2":{"start":{"line":3,"column":23},"end":{"line":3,"column":50}},"3":{"start":{"line":5,"column":16},"end":{"line":5,"column":75}},"4":{"start":{"line":6,"column":17},"end":{"line":6,"column":61}},"5":{"start":{"line":7,"column":18},"end":{"line":7,"column":77}},"6":{"start":{"line":8,"column":19},"end":{"line":8,"column":28}},"7":{"start":{"line":11,"column":2},"end":{"line":11,"column":30}},"8":{"start":{"line":11,"column":18},"end":{"line":11,"column":30}},"9":{"start":{"line":12,"column":2},"end":{"line":12,"column":73}},"10":{"start":{"line":12,"column":16},"end":{"line":12,"column":73}},"11":{"start":{"line":13,"column":24},"end":{"line":13,"column":81}},"12":{"start":{"line":14,"column":19},"end":{"line":14,"column":60}},"13":{"start":{"line":15,"column":2},"end":{"line":15,"column":64}},"14":{"start":{"line":15,"column":32},"end":{"line":15,"column":64}},"15":{"start":{"line":16,"column":17},"end":{"line":16,"column":52}},"16":{"start":{"line":17,"column":16},"end":{"line":17,"column":67}},"17":{"start":{"line":18,"column":2},"end":{"line":18,"column":34}},"18":{"start":{"line":19,"column":2},"end":{"line":19,"column":15}},"19":{"start":{"line":23,"column":2},"end":{"line":29,"column":3}},"20":{"start":{"line":24,"column":4},"end":{"line":24,"column":28}},"21":{"start":{"line":26,"column":18},"end":{"line":26,"column":43}},"22":{"start":{"line":27,"column":4},"end":{"line":27,"column":28}},"23":{"start":{"line":27,"column":16},"end":{"line":27,"column":28}},"24":{"start":{"line":28,"column":4},"end":{"line":28,"column":63}},"25":{"start":{"line":28,"column":10},"end":{"line":28,"column":38}},"26":{"start":{"line":28,"column":49},"end":{"line":28,"column":61}},"27":{"start":{"line":34,"column":18},"end":{"line":36,"column":4}},"28":{"start":{"line":35,"column":4},"end":{"line":35,"column":76}},"29":{"start":{"line":35,"column":29},"end":{"line":35,"column":63}},"30":{"start":{"line":37,"column":2},"end":{"line":37,"column":28}},"31":{"start":{"line":41,"column":22},"end":{"line":41,"column":68}},"32":{"start":{"line":43,"column":2},"end":{"line":56,"column":3}},"33":{"start":{"line":43,"column":21},"end":{"line":43,"column":22}},"34":{"start":{"line":44,"column":4},"end":{"line":55,"column":5}},"35":{"start":{"line":45,"column":23},"end":{"line":48,"column":8}},"36":{"start":{"line":49,"column":6},"end":{"line":49,"column":22}},"37":{"start":{"line":51,"column":6},"end":{"line":51,"column":24}},"38":{"start":{"line":52,"column":24},"end":{"line":52,"column":123}},"39":{"start":{"line":53,"column":6},"end":{"line":53,"column":55}},"40":{"start":{"line":53,"column":49},"end":{"line":53,"column":55}},"41":{"start":{"line":54,"column":6},"end":{"line":54,"column":79}},"42":{"start":{"line":54,"column":37},"end":{"line":54,"column":77}},"43":{"start":{"line":57,"column":2},"end":{"line":57,"column":18}},"44":{"start":{"line":61,"column":26},"end":{"line":61,"column":44}},"45":{"start":{"line":62,"column":20},"end":{"line":62,"column":66}},"46":{"start":{"line":63,"column":2},"end":{"line":71,"column":3}},"47":{"start":{"line":64,"column":4},"end":{"line":70,"column":6}},"48":{"start":{"line":73,"column":16},"end":{"line":73,"column":41}},"49":{"start":{"line":74,"column":27},"end":{"line":78,"column":3}},"50":{"start":{"line":80,"column":45},"end":{"line":80,"column":76}},"51":{"start":{"line":81,"column":2},"end":{"line":101,"column":3}},"52":{"start":{"line":82,"column":21},"end":{"line":85,"column":6}},"53":{"start":{"line":87,"column":22},"end":{"line":87,"column":56}},"54":{"start":{"line":88,"column":20},"end":{"line":88,"column":92}},"55":{"start":{"line":88,"column":61},"end":{"line":88,"column":76}},"56":{"start":{"line":89,"column":23},"end":{"line":89,"column":45}},"57":{"start":{"line":90,"column":18},"end":{"line":90,"column":58}},"58":{"start":{"line":92,"column":4},"end":{"line":98,"column":6}},"59":{"start":{"line":100,"column":4},"end":{"line":100,"column":24}},"60":{"start":{"line":104,"column":0},"end":{"line":104,"column":32}}},"fnMap":{"0":{"name":"getVertexModel","decl":{"start":{"line":10,"column":9},"end":{"line":10,"column":23}},"loc":{"start":{"line":10,"column":35},"end":{"line":20,"column":1}},"line":10},"1":{"name":"safeJsonParse","decl":{"start":{"line":22,"column":9},"end":{"line":22,"column":22}},"loc":{"start":{"line":22,"column":29},"end":{"line":30,"column":1}},"line":22},"2":{"name":"createTimeoutPromise","decl":{"start":{"line":32,"column":9},"end":{"line":32,"column":29}},"loc":{"start":{"line":32,"column":41},"end":{"line":38,"column":1}},"line":32},"3":{"name":"(anonymous_3)","decl":{"start":{"line":34,"column":30},"end":{"line":34,"column":31}},"loc":{"start":{"line":34,"column":45},"end":{"line":36,"column":3}},"line":34},"4":{"name":"(anonymous_4)","decl":{"start":{"line":35,"column":23},"end":{"line":35,"column":24}},"loc":{"start":{"line":35,"column":29},"end":{"line":35,"column":63}},"line":35},"5":{"name":"generateWithRetry","decl":{"start":{"line":40,"column":15},"end":{"line":40,"column":32}},"loc":{"start":{"line":40,"column":68},"end":{"line":58,"column":1}},"line":40},"6":{"name":"(anonymous_6)","decl":{"start":{"line":54,"column":24},"end":{"line":54,"column":25}},"loc":{"start":{"line":54,"column":37},"end":{"line":54,"column":77}},"line":54},"7":{"name":"callGemini","decl":{"start":{"line":60,"column":15},"end":{"line":60,"column":25}},"loc":{"start":{"line":60,"column":78},"end":{"line":102,"column":1}},"line":60},"8":{"name":"(anonymous_8)","decl":{"start":{"line":88,"column":51},"end":{"line":88,"column":52}},"loc":{"start":{"line":88,"column":61},"end":{"line":88,"column":76}},"line":88}},"branchMap":{"0":{"loc":{"start":{"line":5,"column":16},"end":{"line":5,"column":75}},"type":"binary-expr","locations":[{"start":{"line":5,"column":16},"end":{"line":5,"column":39}},{"start":{"line":5,"column":43},"end":{"line":5,"column":75}}],"line":5},"1":{"loc":{"start":{"line":6,"column":17},"end":{"line":6,"column":61}},"type":"binary-expr","locations":[{"start":{"line":6,"column":17},"end":{"line":6,"column":44}},{"start":{"line":6,"column":48},"end":{"line":6,"column":61}}],"line":6},"2":{"loc":{"start":{"line":7,"column":19},"end":{"line":7,"column":51}},"type":"binary-expr","locations":[{"start":{"line":7,"column":19},"end":{"line":7,"column":41}},{"start":{"line":7,"column":45},"end":{"line":7,"column":51}}],"line":7},"3":{"loc":{"start":{"line":11,"column":2},"end":{"line":11,"column":30}},"type":"if","locations":[{"start":{"line":11,"column":2},"end":{"line":11,"column":30}},{"start":{},"end":{}}],"line":11},"4":{"loc":{"start":{"line":12,"column":2},"end":{"line":12,"column":73}},"type":"if","locations":[{"start":{"line":12,"column":2},"end":{"line":12,"column":73}},{"start":{},"end":{}}],"line":12},"5":{"loc":{"start":{"line":13,"column":24},"end":{"line":13,"column":81}},"type":"binary-expr","locations":[{"start":{"line":13,"column":24},"end":{"line":13,"column":33}},{"start":{"line":13,"column":37},"end":{"line":13,"column":61}},{"start":{"line":13,"column":65},"end":{"line":13,"column":81}}],"line":13},"6":{"loc":{"start":{"line":15,"column":2},"end":{"line":15,"column":64}},"type":"if","locations":[{"start":{"line":15,"column":2},"end":{"line":15,"column":64}},{"start":{},"end":{}}],"line":15},"7":{"loc":{"start":{"line":27,"column":4},"end":{"line":27,"column":28}},"type":"if","locations":[{"start":{"line":27,"column":4},"end":{"line":27,"column":28}},{"start":{},"end":{}}],"line":27},"8":{"loc":{"start":{"line":41,"column":29},"end":{"line":41,"column":67}},"type":"binary-expr","locations":[{"start":{"line":41,"column":29},"end":{"line":41,"column":62}},{"start":{"line":41,"column":66},"end":{"line":41,"column":67}}],"line":41},"9":{"loc":{"start":{"line":52,"column":79},"end":{"line":52,"column":122}},"type":"cond-expr","locations":[{"start":{"line":52,"column":104},"end":{"line":52,"column":117}},{"start":{"line":52,"column":120},"end":{"line":52,"column":122}}],"line":52},"10":{"loc":{"start":{"line":52,"column":79},"end":{"line":52,"column":101}},"type":"binary-expr","locations":[{"start":{"line":52,"column":79},"end":{"line":52,"column":84}},{"start":{"line":52,"column":88},"end":{"line":52,"column":101}}],"line":52},"11":{"loc":{"start":{"line":53,"column":6},"end":{"line":53,"column":55}},"type":"if","locations":[{"start":{"line":53,"column":6},"end":{"line":53,"column":55}},{"start":{},"end":{}}],"line":53},"12":{"loc":{"start":{"line":53,"column":10},"end":{"line":53,"column":47}},"type":"binary-expr","locations":[{"start":{"line":53,"column":10},"end":{"line":53,"column":20}},{"start":{"line":53,"column":24},"end":{"line":53,"column":47}}],"line":53},"13":{"loc":{"start":{"line":60,"column":34},"end":{"line":60,"column":62}},"type":"default-arg","locations":[{"start":{"line":60,"column":46},"end":{"line":60,"column":62}}],"line":60},"14":{"loc":{"start":{"line":60,"column":64},"end":{"line":60,"column":76}},"type":"default-arg","locations":[{"start":{"line":60,"column":74},"end":{"line":60,"column":76}}],"line":60},"15":{"loc":{"start":{"line":62,"column":27},"end":{"line":62,"column":65}},"type":"binary-expr","locations":[{"start":{"line":62,"column":27},"end":{"line":62,"column":56}},{"start":{"line":62,"column":60},"end":{"line":62,"column":65}}],"line":62},"16":{"loc":{"start":{"line":63,"column":2},"end":{"line":71,"column":3}},"type":"if","locations":[{"start":{"line":63,"column":2},"end":{"line":71,"column":3}},{"start":{},"end":{}}],"line":63},"17":{"loc":{"start":{"line":75,"column":17},"end":{"line":75,"column":43}},"type":"binary-expr","locations":[{"start":{"line":75,"column":17},"end":{"line":75,"column":36}},{"start":{"line":75,"column":40},"end":{"line":75,"column":43}}],"line":75},"18":{"loc":{"start":{"line":76,"column":21},"end":{"line":76,"column":52}},"type":"binary-expr","locations":[{"start":{"line":76,"column":21},"end":{"line":76,"column":44}},{"start":{"line":76,"column":48},"end":{"line":76,"column":52}}],"line":76},"19":{"loc":{"start":{"line":77,"column":22},"end":{"line":77,"column":68}},"type":"binary-expr","locations":[{"start":{"line":77,"column":22},"end":{"line":77,"column":46}},{"start":{"line":77,"column":50},"end":{"line":77,"column":68}}],"line":77},"20":{"loc":{"start":{"line":88,"column":20},"end":{"line":88,"column":92}},"type":"binary-expr","locations":[{"start":{"line":88,"column":20},"end":{"line":88,"column":86}},{"start":{"line":88,"column":90},"end":{"line":88,"column":92}}],"line":88},"21":{"loc":{"start":{"line":88,"column":61},"end":{"line":88,"column":76}},"type":"binary-expr","locations":[{"start":{"line":88,"column":61},"end":{"line":88,"column":70}},{"start":{"line":88,"column":74},"end":{"line":88,"column":76}}],"line":88},"22":{"loc":{"start":{"line":90,"column":18},"end":{"line":90,"column":58}},"type":"binary-expr","locations":[{"start":{"line":90,"column":18},"end":{"line":90,"column":50}},{"start":{"line":90,"column":54},"end":{"line":90,"column":58}}],"line":90}},"s":{"0":0,"1":0,"2":0,"3":0,"4":0,"5":0,"6":0,"7":0,"8":0,"9":0,"10":0,"11":0,"12":0,"13":0,"14":0,"15":0,"16":0,"17":0,"18":0,"19":0,"20":0,"21":0,"22":0,"23":0,"24":0,"25":0,"26":0,"27":0,"28":0,"29":0,"30":0,"31":0,"32":0,"33":0,"34":0,"35":0,"36":0,"37":0,"38":0,"39":0,"40":0,"41":0,"42":0,"43":0,"44":0,"45":0,"46":0,"47":0,"48":0,"49":0,"50":0,"51":0,"52":0,"53":0,"54":0,"55":0,"56":0,"57":0,"58":0,"59":0,"60":0},"f":{"0":0,"1":0,"2":0,"3":0,"4":0,"5":0,"6":0,"7":0,"8":0},"b":{"0":[0,0],"1":[0,0],"2":[0,0],"3":[0,0],"4":[0,0],"5":[0,0,0],"6":[0,0],"7":[0,0],"8":[0,0],"9":[0,0],"10":[0,0],"11":[0,0],"12":[0,0],"13":[0],"14":[0],"15":[0,0],"16":[0,0],"17":[0,0],"18":[0,0],"19":[0,0],"20":[0,0],"21":[0,0],"22":[0,0]}}
}
