TN:
SF:src\prompts.js
FN:1,(anonymous_0)
FN:10,(anonymous_1)
FNF:2
FNH:0
FNDA:0,(anonymous_0)
FNDA:0,(anonymous_1)
DA:1,0
DA:10,0
DA:18,0
LF:3
LH:0
BRF:0
BRH:0
end_of_record
TN:
SF:src\lib\errors.js
FN:1,typedError
FN:11,mapError
FNF:2
FNH:2
FNDA:3,typedError
FNDA:16,mapError
DA:2,3
DA:12,16
DA:13,16
DA:14,14
DA:15,11
DA:16,7
DA:17,5
DA:18,4
DA:21,1
LF:9
LH:9
BRDA:6,0,0,3
BRDA:6,0,1,2
BRDA:12,1,0,13
BRDA:12,1,1,3
BRDA:12,2,0,16
BRDA:12,2,1,14
BRDA:13,3,0,2
BRDA:13,3,1,14
BRDA:14,4,0,3
BRDA:14,4,1,11
BRDA:15,5,0,4
BRDA:15,5,1,7
BRDA:16,6,0,2
BRDA:16,6,1,5
BRDA:17,7,0,1
BRDA:17,7,1,4
BRF:16
BRH:16
end_of_record
TN:
SF:src\lib\redaction.js
FN:9,redactText
FN:11,(anonymous_1)
FN:14,redactDeep
FNF:3
FNH:3
FNDA:32,redactText
FNDA:140,(anonymous_1)
FNDA:33,redactDeep
DA:1,1
DA:10,32
DA:11,140
DA:15,33
DA:16,20
DA:17,16
DA:18,13
DA:19,13
DA:20,18
DA:22,13
DA:24,3
DA:27,1
LF:12
LH:12
BRDA:10,0,0,4
BRDA:10,0,1,28
BRDA:10,1,0,32
BRDA:10,1,1,29
BRDA:15,2,0,13
BRDA:15,2,1,20
BRDA:16,3,0,4
BRDA:16,3,1,16
BRDA:17,4,0,13
BRDA:17,4,1,3
BRDA:17,5,0,16
BRDA:17,5,1,15
BRF:12
BRH:12
end_of_record
TN:
SF:src\middleware\auth.js
FN:14,requireAuth
FNF:1
FNH:1
FNDA:11,requireAuth
DA:1,1
DA:15,11
DA:16,11
DA:18,11
DA:19,3
DA:27,8
DA:29,8
DA:30,1
DA:31,1
DA:39,7
DA:40,7
DA:41,3
DA:47,4
DA:52,4
DA:60,3
DA:62,0
DA:63,0
DA:72,1
LF:18
LH:16
BRDA:16,0,0,11
BRDA:16,0,1,2
BRDA:18,1,0,3
BRDA:18,1,1,8
BRDA:29,2,0,1
BRDA:29,2,1,7
BRDA:43,3,0,3
BRDA:43,3,1,1
BRDA:44,4,0,3
BRDA:44,4,1,1
BRDA:50,5,0,4
BRDA:50,5,1,0
BRDA:55,6,0,4
BRDA:55,6,1,0
BRF:14
BRH:12
end_of_record
TN:
SF:src\routes\api.js
FN:10,structuredOrFallback
FN:19,(anonymous_1)
FN:35,(anonymous_2)
FN:50,(anonymous_3)
FN:82,(anonymous_4)
FN:98,(anonymous_5)
FN:111,(anonymous_6)
FN:125,(anonymous_7)
FN:130,(anonymous_8)
FN:133,(anonymous_9)
FN:145,(anonymous_10)
FN:170,(anonymous_11)
FNF:12
FNH:0
FNDA:0,structuredOrFallback
FNDA:0,(anonymous_1)
FNDA:0,(anonymous_2)
FNDA:0,(anonymous_3)
FNDA:0,(anonymous_4)
FNDA:0,(anonymous_5)
FNDA:0,(anonymous_6)
FNDA:0,(anonymous_7)
FNDA:0,(anonymous_8)
FNDA:0,(anonymous_9)
FNDA:0,(anonymous_10)
FNDA:0,(anonymous_11)
DA:1,0
DA:2,0
DA:3,0
DA:4,0
DA:5,0
DA:6,0
DA:7,0
DA:8,0
DA:11,0
DA:12,0
DA:13,0
DA:15,0
DA:19,0
DA:20,0
DA:21,0
DA:22,0
DA:23,0
DA:24,0
DA:25,0
DA:26,0
DA:27,0
DA:28,0
DA:30,0
DA:31,0
DA:35,0
DA:36,0
DA:37,0
DA:38,0
DA:39,0
DA:40,0
DA:41,0
DA:42,0
DA:43,0
DA:44,0
DA:46,0
DA:50,0
DA:51,0
DA:52,0
DA:53,0
DA:54,0
DA:55,0
DA:56,0
DA:57,0
DA:58,0
DA:59,0
DA:60,0
DA:61,0
DA:78,0
DA:81,0
DA:82,0
DA:83,0
DA:84,0
DA:85,0
DA:86,0
DA:89,0
DA:91,0
DA:92,0
DA:93,0
DA:98,0
DA:99,0
DA:100,0
DA:101,0
DA:102,0
DA:103,0
DA:104,0
DA:105,0
DA:106,0
DA:108,0
DA:109,0
DA:110,0
DA:111,0
DA:112,0
DA:117,0
DA:118,0
DA:120,0
DA:121,0
DA:125,0
DA:126,0
DA:127,0
DA:128,0
DA:129,0
DA:130,0
DA:131,0
DA:132,0
DA:133,0
DA:134,0
DA:140,0
DA:141,0
DA:145,0
DA:146,0
DA:147,0
DA:148,0
DA:149,0
DA:151,0
DA:152,0
DA:153,0
DA:154,0
DA:155,0
DA:156,0
DA:157,0
DA:158,0
DA:159,0
DA:160,0
DA:163,0
DA:165,0
DA:166,0
DA:170,0
DA:171,0
DA:172,0
DA:173,0
DA:174,0
DA:175,0
DA:176,0
DA:177,0
DA:179,0
DA:180,0
DA:184,0
LF:117
LH:0
BRDA:11,0,0,0
BRDA:11,0,1,0
BRDA:11,1,0,0
BRDA:11,1,1,0
BRDA:22,2,0,0
BRDA:22,2,1,0
BRDA:27,3,0,0
BRDA:27,3,1,0
BRDA:27,4,0,0
BRDA:27,4,1,0
BRDA:27,5,0,0
BRDA:27,5,1,0
BRDA:27,6,0,0
BRDA:27,6,1,0
BRDA:31,7,0,0
BRDA:31,7,1,0
BRDA:38,8,0,0
BRDA:38,8,1,0
BRDA:38,9,0,0
BRDA:38,9,1,0
BRDA:43,10,0,0
BRDA:43,10,1,0
BRDA:54,11,0,0
BRDA:54,11,1,0
BRDA:54,12,0,0
BRDA:54,12,1,0
BRDA:54,12,2,0
BRDA:57,13,0,0
BRDA:57,13,1,0
BRDA:63,14,0,0
BRDA:63,14,1,0
BRDA:64,15,0,0
BRDA:64,15,1,0
BRDA:68,16,0,0
BRDA:68,16,1,0
BRDA:69,17,0,0
BRDA:69,17,1,0
BRDA:70,18,0,0
BRDA:70,18,1,0
BRDA:71,19,0,0
BRDA:71,19,1,0
BRDA:72,20,0,0
BRDA:72,20,1,0
BRDA:73,21,0,0
BRDA:73,21,1,0
BRDA:75,22,0,0
BRDA:75,22,1,0
BRDA:84,23,0,0
BRDA:84,23,1,0
BRDA:85,24,0,0
BRDA:85,24,1,0
BRDA:92,25,0,0
BRDA:92,25,1,0
BRDA:101,26,0,0
BRDA:101,26,1,0
BRDA:101,27,0,0
BRDA:101,27,1,0
BRDA:102,28,0,0
BRDA:102,28,1,0
BRDA:106,29,0,0
BRDA:106,29,1,0
BRDA:108,30,0,0
BRDA:108,30,1,0
BRDA:113,31,0,0
BRDA:113,31,1,0
BRDA:114,32,0,0
BRDA:114,32,1,0
BRDA:115,33,0,0
BRDA:115,33,1,0
BRDA:128,34,0,0
BRDA:128,34,1,0
BRDA:128,35,0,0
BRDA:128,35,1,0
BRDA:130,36,0,0
BRDA:130,36,1,0
BRDA:130,37,0,0
BRDA:130,37,1,0
BRDA:130,37,2,0
BRDA:135,38,0,0
BRDA:135,38,1,0
BRDA:136,39,0,0
BRDA:136,39,1,0
BRDA:137,40,0,0
BRDA:137,40,1,0
BRDA:148,41,0,0
BRDA:148,41,1,0
BRDA:156,42,0,0
BRDA:156,42,1,0
BRDA:156,43,0,0
BRDA:156,43,1,0
BRDA:160,44,0,0
BRDA:160,44,1,0
BRDA:160,45,0,0
BRDA:160,45,1,0
BRDA:173,46,0,0
BRDA:173,46,1,0
BRDA:173,47,0,0
BRDA:173,47,1,0
BRF:98
BRH:0
end_of_record
TN:
SF:src\services\ai.js
FN:10,getVertexModel
FN:22,safeJsonParse
FN:32,createTimeoutPromise
FN:34,(anonymous_3)
FN:35,(anonymous_4)
FN:40,generateWithRetry
FN:54,(anonymous_6)
FN:60,callGemini
FN:88,(anonymous_8)
FNF:9
FNH:0
FNDA:0,getVertexModel
FNDA:0,safeJsonParse
FNDA:0,createTimeoutPromise
FNDA:0,(anonymous_3)
FNDA:0,(anonymous_4)
FNDA:0,generateWithRetry
FNDA:0,(anonymous_6)
FNDA:0,callGemini
FNDA:0,(anonymous_8)
DA:1,0
DA:2,0
DA:3,0
DA:5,0
DA:6,0
DA:7,0
DA:8,0
DA:11,0
DA:12,0
DA:13,0
DA:14,0
DA:15,0
DA:16,0
DA:17,0
DA:18,0
DA:19,0
DA:23,0
DA:24,0
DA:26,0
DA:27,0
DA:28,0
DA:34,0
DA:35,0
DA:37,0
DA:41,0
DA:43,0
DA:44,0
DA:45,0
DA:49,0
DA:51,0
DA:52,0
DA:53,0
DA:54,0
DA:57,0
DA:61,0
DA:62,0
DA:63,0
DA:64,0
DA:73,0
DA:74,0
DA:80,0
DA:81,0
DA:82,0
DA:87,0
DA:88,0
DA:89,0
DA:90,0
DA:92,0
DA:100,0
DA:104,0
LF:50
LH:0
BRDA:5,0,0,0
BRDA:5,0,1,0
BRDA:6,1,0,0
BRDA:6,1,1,0
BRDA:7,2,0,0
BRDA:7,2,1,0
BRDA:11,3,0,0
BRDA:11,3,1,0
BRDA:12,4,0,0
BRDA:12,4,1,0
BRDA:13,5,0,0
BRDA:13,5,1,0
BRDA:13,5,2,0
BRDA:15,6,0,0
BRDA:15,6,1,0
BRDA:27,7,0,0
BRDA:27,7,1,0
BRDA:41,8,0,0
BRDA:41,8,1,0
BRDA:52,9,0,0
BRDA:52,9,1,0
BRDA:52,10,0,0
BRDA:52,10,1,0
BRDA:53,11,0,0
BRDA:53,11,1,0
BRDA:53,12,0,0
BRDA:53,12,1,0
BRDA:60,13,0,0
BRDA:60,14,0,0
BRDA:62,15,0,0
BRDA:62,15,1,0
BRDA:63,16,0,0
BRDA:63,16,1,0
BRDA:75,17,0,0
BRDA:75,17,1,0
BRDA:76,18,0,0
BRDA:76,18,1,0
BRDA:77,19,0,0
BRDA:77,19,1,0
BRDA:88,20,0,0
BRDA:88,20,1,0
BRDA:88,21,0,0
BRDA:88,21,1,0
BRDA:90,22,0,0
BRDA:90,22,1,0
BRF:45
BRH:0
end_of_record
